<?xml version="1.0" encoding="UTF-8"?>
<!-- Generated by org.testng.reporters.JUnitXMLReporter -->
<testsuite hostname="sarthakgiri-HP-ProBook-440-G4" ignored="0" name="/home/sarthakgiri/Documents/java-workspace/CucumberSelenium" tests="1" failures="0" timestamp="2022-03-20T19:05:25 IST" time="136.143" errors="0">
  <testcase name="runScenario" time="132.682" classname="io.cucumber.testng.AbstractTestNGCucumberTests"/>
</testsuite> <!-- /home/sarthakgiri/Documents/java-workspace/CucumberSelenium -->
